
AVRASM ver. 2.1.30  D:\A_W\AVR_Prj\Mega8_lcd01\tempprj01\List\tempprj01.asm Tue Jan 08 15:34:30 2019

D:\A_W\AVR_Prj\Mega8_lcd01\tempprj01\List\tempprj01.asm(1070): warning: Register r4 already defined by the .DEF directive
D:\A_W\AVR_Prj\Mega8_lcd01\tempprj01\List\tempprj01.asm(1071): warning: Register r7 already defined by the .DEF directive
D:\A_W\AVR_Prj\Mega8_lcd01\tempprj01\List\tempprj01.asm(1072): warning: Register r6 already defined by the .DEF directive
D:\A_W\AVR_Prj\Mega8_lcd01\tempprj01\List\tempprj01.asm(1073): warning: Register r9 already defined by the .DEF directive
                 
                 
                 ;CodeVisionAVR C Compiler V2.05.3 Standard
                 ;(C) Copyright 1998-2011 Pavel Haiduc, HP InfoTech s.r.l.
                 ;http://www.hpinfotech.com
                 
                 ;Chip type                : ATmega8
                 ;Program type             : Application
                 ;Clock frequency          : 16,000000 MHz
                 ;Memory model             : Small
                 ;Optimize for             : Size
                 ;(s)printf features       : int, width
                 ;(s)scanf features        : int, width
                 ;External RAM size        : 0
                 ;Data Stack size          : 256 byte(s)
                 ;Heap size                : 0 byte(s)
                 ;Promote 'char' to 'int'  : Yes
                 ;'char' is unsigned       : Yes
                 ;8 bit enums              : Yes
                 ;Global 'const' stored in FLASH     : No
                 ;Enhanced function parameter passing: Yes
                 ;Enhanced core instructions         : On
                 ;Smart register allocation          : On
                 ;Automatic register allocation      : On
                 
                 	#pragma AVRPART ADMIN PART_NAME ATmega8
                 	#pragma AVRPART MEMORY PROG_FLASH 8192
                 	#pragma AVRPART MEMORY EEPROM 512
                 	#pragma AVRPART MEMORY INT_SRAM SIZE 1119
                 	#pragma AVRPART MEMORY INT_SRAM START_ADDR 0x60
                 
                 	.LISTMAC
                 	.EQU UDRE=0x5
                 	.EQU RXC=0x7
                 	.EQU USR=0xB
                 	.EQU UDR=0xC
                 	.EQU SPSR=0xE
                 	.EQU SPDR=0xF
                 	.EQU EERE=0x0
                 	.EQU EEWE=0x1
                 	.EQU EEMWE=0x2
                 	.EQU EECR=0x1C
                 	.EQU EEDR=0x1D
                 	.EQU EEARL=0x1E
                 	.EQU EEARH=0x1F
                 	.EQU WDTCR=0x21
                 	.EQU MCUCR=0x35
                 	.EQU GICR=0x3B
                 	.EQU SPL=0x3D
                 	.EQU SPH=0x3E
                 	.EQU SREG=0x3F
                 
                 	.DEF R0X0=R0
                 	.DEF R0X1=R1
                 	.DEF R0X2=R2
                 	.DEF R0X3=R3
                 	.DEF R0X4=R4
                 	.DEF R0X5=R5
                 	.DEF R0X6=R6
                 	.DEF R0X7=R7
                 	.DEF R0X8=R8
                 	.DEF R0X9=R9
                 	.DEF R0XA=R10
                 	.DEF R0XB=R11
                 	.DEF R0XC=R12
                 	.DEF R0XD=R13
                 	.DEF R0XE=R14
                 	.DEF R0XF=R15
                 	.DEF R0X10=R16
                 	.DEF R0X11=R17
                 	.DEF R0X12=R18
                 	.DEF R0X13=R19
                 	.DEF R0X14=R20
                 	.DEF R0X15=R21
                 	.DEF R0X16=R22
                 	.DEF R0X17=R23
                 	.DEF R0X18=R24
                 	.DEF R0X19=R25
                 	.DEF R0X1A=R26
                 	.DEF R0X1B=R27
                 	.DEF R0X1C=R28
                 	.DEF R0X1D=R29
                 	.DEF R0X1E=R30
                 	.DEF R0X1F=R31
                 
                 	.EQU __SRAM_START=0x0060
                 	.EQU __SRAM_END=0x045F
                 	.EQU __DSTACK_SIZE=0x0100
                 	.EQU __HEAP_SIZE=0x0000
                 	.EQU __CLEAR_SRAM_SIZE=__SRAM_END-__SRAM_START+1
                 
                 	.MACRO __CPD1N
                 	CPI  R30,LOW(@0)
                 	LDI  R26,HIGH(@0)
                 	CPC  R31,R26
                 	LDI  R26,BYTE3(@0)
                 	CPC  R22,R26
                 	LDI  R26,BYTE4(@0)
                 	CPC  R23,R26
                 	.ENDM
                 
                 	.MACRO __CPD2N
                 	CPI  R26,LOW(@0)
                 	LDI  R30,HIGH(@0)
                 	CPC  R27,R30
                 	LDI  R30,BYTE3(@0)
                 	CPC  R24,R30
                 	LDI  R30,BYTE4(@0)
                 	CPC  R25,R30
                 	.ENDM
                 
                 	.MACRO __CPWRR
                 	CP   R@0,R@2
                 	CPC  R@1,R@3
                 	.ENDM
                 
                 	.MACRO __CPWRN
                 	CPI  R@0,LOW(@2)
                 	LDI  R30,HIGH(@2)
                 	CPC  R@1,R30
                 	.ENDM
                 
                 	.MACRO __ADDB1MN
                 	SUBI R30,LOW(-@0-(@1))
                 	.ENDM
                 
                 	.MACRO __ADDB2MN
                 	SUBI R26,LOW(-@0-(@1))
                 	.ENDM
                 
                 	.MACRO __ADDW1MN
                 	SUBI R30,LOW(-@0-(@1))
                 	SBCI R31,HIGH(-@0-(@1))
                 	.ENDM
                 
                 	.MACRO __ADDW2MN
                 	SUBI R26,LOW(-@0-(@1))
                 	SBCI R27,HIGH(-@0-(@1))
                 	.ENDM
                 
                 	.MACRO __ADDW1FN
                 	SUBI R30,LOW(-2*@0-(@1))
                 	SBCI R31,HIGH(-2*@0-(@1))
                 	.ENDM
                 
                 	.MACRO __ADDD1FN
                 	SUBI R30,LOW(-2*@0-(@1))
                 	SBCI R31,HIGH(-2*@0-(@1))
                 	SBCI R22,BYTE3(-2*@0-(@1))
                 	.ENDM
                 
                 	.MACRO __ADDD1N
                 	SUBI R30,LOW(-@0)
                 	SBCI R31,HIGH(-@0)
                 	SBCI R22,BYTE3(-@0)
                 	SBCI R23,BYTE4(-@0)
                 	.ENDM
                 
                 	.MACRO __ADDD2N
                 	SUBI R26,LOW(-@0)
                 	SBCI R27,HIGH(-@0)
                 	SBCI R24,BYTE3(-@0)
                 	SBCI R25,BYTE4(-@0)
                 	.ENDM
                 
                 	.MACRO __SUBD1N
                 	SUBI R30,LOW(@0)
                 	SBCI R31,HIGH(@0)
                 	SBCI R22,BYTE3(@0)
                 	SBCI R23,BYTE4(@0)
                 	.ENDM
                 
                 	.MACRO __SUBD2N
                 	SUBI R26,LOW(@0)
                 	SBCI R27,HIGH(@0)
                 	SBCI R24,BYTE3(@0)
                 	SBCI R25,BYTE4(@0)
                 	.ENDM
                 
                 	.MACRO __ANDBMNN
                 	LDS  R30,@0+(@1)
                 	ANDI R30,LOW(@2)
                 	STS  @0+(@1),R30
                 	.ENDM
                 
                 	.MACRO __ANDWMNN
                 	LDS  R30,@0+(@1)
                 	ANDI R30,LOW(@2)
                 	STS  @0+(@1),R30
                 	LDS  R30,@0+(@1)+1
                 	ANDI R30,HIGH(@2)
                 	STS  @0+(@1)+1,R30
                 	.ENDM
                 
                 	.MACRO __ANDD1N
                 	ANDI R30,LOW(@0)
                 	ANDI R31,HIGH(@0)
                 	ANDI R22,BYTE3(@0)
                 	ANDI R23,BYTE4(@0)
                 	.ENDM
                 
                 	.MACRO __ANDD2N
                 	ANDI R26,LOW(@0)
                 	ANDI R27,HIGH(@0)
                 	ANDI R24,BYTE3(@0)
                 	ANDI R25,BYTE4(@0)
                 	.ENDM
                 
                 	.MACRO __ORBMNN
                 	LDS  R30,@0+(@1)
                 	ORI  R30,LOW(@2)
                 	STS  @0+(@1),R30
                 	.ENDM
                 
                 	.MACRO __ORWMNN
                 	LDS  R30,@0+(@1)
                 	ORI  R30,LOW(@2)
                 	STS  @0+(@1),R30
                 	LDS  R30,@0+(@1)+1
                 	ORI  R30,HIGH(@2)
                 	STS  @0+(@1)+1,R30
                 	.ENDM
                 
                 	.MACRO __ORD1N
                 	ORI  R30,LOW(@0)
                 	ORI  R31,HIGH(@0)
                 	ORI  R22,BYTE3(@0)
                 	ORI  R23,BYTE4(@0)
                 	.ENDM
                 
                 	.MACRO __ORD2N
                 	ORI  R26,LOW(@0)
                 	ORI  R27,HIGH(@0)
                 	ORI  R24,BYTE3(@0)
                 	ORI  R25,BYTE4(@0)
                 	.ENDM
                 
                 	.MACRO __DELAY_USB
                 	LDI  R24,LOW(@0)
                 __DELAY_USB_LOOP:
                 	DEC  R24
                 	BRNE __DELAY_USB_LOOP
                 	.ENDM
                 
                 	.MACRO __DELAY_USW
                 	LDI  R24,LOW(@0)
                 	LDI  R25,HIGH(@0)
                 __DELAY_USW_LOOP:
                 	SBIW R24,1
                 	BRNE __DELAY_USW_LOOP
                 	.ENDM
                 
                 	.MACRO __GETD1S
                 	LDD  R30,Y+@0
                 	LDD  R31,Y+@0+1
                 	LDD  R22,Y+@0+2
                 	LDD  R23,Y+@0+3
                 	.ENDM
                 
                 	.MACRO __GETD2S
                 	LDD  R26,Y+@0
                 	LDD  R27,Y+@0+1
                 	LDD  R24,Y+@0+2
                 	LDD  R25,Y+@0+3
                 	.ENDM
                 
                 	.MACRO __PUTD1S
                 	STD  Y+@0,R30
                 	STD  Y+@0+1,R31
                 	STD  Y+@0+2,R22
                 	STD  Y+@0+3,R23
                 	.ENDM
                 
                 	.MACRO __PUTD2S
                 	STD  Y+@0,R26
                 	STD  Y+@0+1,R27
                 	STD  Y+@0+2,R24
                 	STD  Y+@0+3,R25
                 	.ENDM
                 
                 	.MACRO __PUTDZ2
                 	STD  Z+@0,R26
                 	STD  Z+@0+1,R27
                 	STD  Z+@0+2,R24
                 	STD  Z+@0+3,R25
                 	.ENDM
                 
                 	.MACRO __CLRD1S
                 	STD  Y+@0,R30
                 	STD  Y+@0+1,R30
                 	STD  Y+@0+2,R30
                 	STD  Y+@0+3,R30
                 	.ENDM
                 
                 	.MACRO __POINTB1MN
                 	LDI  R30,LOW(@0+(@1))
                 	.ENDM
                 
                 	.MACRO __POINTW1MN
                 	LDI  R30,LOW(@0+(@1))
                 	LDI  R31,HIGH(@0+(@1))
                 	.ENDM
                 
                 	.MACRO __POINTD1M
                 	LDI  R30,LOW(@0)
                 	LDI  R31,HIGH(@0)
                 	LDI  R22,BYTE3(@0)
                 	LDI  R23,BYTE4(@0)
                 	.ENDM
                 
                 	.MACRO __POINTW1FN
                 	LDI  R30,LOW(2*@0+(@1))
                 	LDI  R31,HIGH(2*@0+(@1))
                 	.ENDM
                 
                 	.MACRO __POINTD1FN
                 	LDI  R30,LOW(2*@0+(@1))
                 	LDI  R31,HIGH(2*@0+(@1))
                 	LDI  R22,BYTE3(2*@0+(@1))
                 	LDI  R23,BYTE4(2*@0+(@1))
                 	.ENDM
                 
                 	.MACRO __POINTB2MN
                 	LDI  R26,LOW(@0+(@1))
                 	.ENDM
                 
                 	.MACRO __POINTW2MN
                 	LDI  R26,LOW(@0+(@1))
                 	LDI  R27,HIGH(@0+(@1))
                 	.ENDM
                 
                 	.MACRO __POINTW2FN
                 	LDI  R26,LOW(2*@0+(@1))
                 	LDI  R27,HIGH(2*@0+(@1))
                 	.ENDM
                 
                 	.MACRO __POINTD2FN
                 	LDI  R26,LOW(2*@0+(@1))
                 	LDI  R27,HIGH(2*@0+(@1))
                 	LDI  R24,BYTE3(2*@0+(@1))
                 	LDI  R25,BYTE4(2*@0+(@1))
                 	.ENDM
                 
                 	.MACRO __POINTBRM
                 	LDI  R@0,LOW(@1)
                 	.ENDM
                 
                 	.MACRO __POINTWRM
                 	LDI  R@0,LOW(@2)
                 	LDI  R@1,HIGH(@2)
                 	.ENDM
                 
                 	.MACRO __POINTBRMN
                 	LDI  R@0,LOW(@1+(@2))
                 	.ENDM
                 
                 	.MACRO __POINTWRMN
                 	LDI  R@0,LOW(@2+(@3))
                 	LDI  R@1,HIGH(@2+(@3))
                 	.ENDM
                 
                 	.MACRO __POINTWRFN
                 	LDI  R@0,LOW(@2*2+(@3))
                 	LDI  R@1,HIGH(@2*2+(@3))
                 	.ENDM
                 
                 	.MACRO __GETD1N
                 	LDI  R30,LOW(@0)
                 	LDI  R31,HIGH(@0)
                 	LDI  R22,BYTE3(@0)
                 	LDI  R23,BYTE4(@0)
                 	.ENDM
                 
                 	.MACRO __GETD2N
                 	LDI  R26,LOW(@0)
                 	LDI  R27,HIGH(@0)
                 	LDI  R24,BYTE3(@0)
                 	LDI  R25,BYTE4(@0)
                 	.ENDM
                 
                 	.MACRO __GETB1MN
                 	LDS  R30,@0+(@1)
                 	.ENDM
                 
                 	.MACRO __GETB1HMN
                 	LDS  R31,@0+(@1)
                 	.ENDM
                 
                 	.MACRO __GETW1MN
                 	LDS  R30,@0+(@1)
                 	LDS  R31,@0+(@1)+1
                 	.ENDM
                 
                 	.MACRO __GETD1MN
                 	LDS  R30,@0+(@1)
                 	LDS  R31,@0+(@1)+1
                 	LDS  R22,@0+(@1)+2
                 	LDS  R23,@0+(@1)+3
                 	.ENDM
                 
                 	.MACRO __GETBRMN
                 	LDS  R@0,@1+(@2)
                 	.ENDM
                 
                 	.MACRO __GETWRMN
                 	LDS  R@0,@2+(@3)
                 	LDS  R@1,@2+(@3)+1
                 	.ENDM
                 
                 	.MACRO __GETWRZ
                 	LDD  R@0,Z+@2
                 	LDD  R@1,Z+@2+1
                 	.ENDM
                 
                 	.MACRO __GETD2Z
                 	LDD  R26,Z+@0
                 	LDD  R27,Z+@0+1
                 	LDD  R24,Z+@0+2
                 	LDD  R25,Z+@0+3
                 	.ENDM
                 
                 	.MACRO __GETB2MN
                 	LDS  R26,@0+(@1)
                 	.ENDM
                 
                 	.MACRO __GETW2MN
                 	LDS  R26,@0+(@1)
                 	LDS  R27,@0+(@1)+1
                 	.ENDM
                 
                 	.MACRO __GETD2MN
                 	LDS  R26,@0+(@1)
                 	LDS  R27,@0+(@1)+1
                 	LDS  R24,@0+(@1)+2
                 	LDS  R25,@0+(@1)+3
                 	.ENDM
                 
                 	.MACRO __PUTB1MN
                 	STS  @0+(@1),R30
                 	.ENDM
                 
                 	.MACRO __PUTW1MN
                 	STS  @0+(@1),R30
                 	STS  @0+(@1)+1,R31
                 	.ENDM
                 
                 	.MACRO __PUTD1MN
                 	STS  @0+(@1),R30
                 	STS  @0+(@1)+1,R31
                 	STS  @0+(@1)+2,R22
                 	STS  @0+(@1)+3,R23
                 	.ENDM
                 
                 	.MACRO __PUTB1EN
                 	LDI  R26,LOW(@0+(@1))
                 	LDI  R27,HIGH(@0+(@1))
                 	RCALL __EEPROMWRB
                 	.ENDM
                 
                 	.MACRO __PUTW1EN
                 	LDI  R26,LOW(@0+(@1))
                 	LDI  R27,HIGH(@0+(@1))
                 	RCALL __EEPROMWRW
                 	.ENDM
                 
                 	.MACRO __PUTD1EN
                 	LDI  R26,LOW(@0+(@1))
                 	LDI  R27,HIGH(@0+(@1))
                 	RCALL __EEPROMWRD
                 	.ENDM
                 
                 	.MACRO __PUTBR0MN
                 	STS  @0+(@1),R0
                 	.ENDM
                 
                 	.MACRO __PUTBMRN
                 	STS  @0+(@1),R@2
                 	.ENDM
                 
                 	.MACRO __PUTWMRN
                 	STS  @0+(@1),R@2
                 	STS  @0+(@1)+1,R@3
                 	.ENDM
                 
                 	.MACRO __PUTBZR
                 	STD  Z+@1,R@0
                 	.ENDM
                 
                 	.MACRO __PUTWZR
                 	STD  Z+@2,R@0
                 	STD  Z+@2+1,R@1
                 	.ENDM
                 
                 	.MACRO __GETW1R
                 	MOV  R30,R@0
                 	MOV  R31,R@1
                 	.ENDM
                 
                 	.MACRO __GETW2R
                 	MOV  R26,R@0
                 	MOV  R27,R@1
                 	.ENDM
                 
                 	.MACRO __GETWRN
                 	LDI  R@0,LOW(@2)
                 	LDI  R@1,HIGH(@2)
                 	.ENDM
                 
                 	.MACRO __PUTW1R
                 	MOV  R@0,R30
                 	MOV  R@1,R31
                 	.ENDM
                 
                 	.MACRO __PUTW2R
                 	MOV  R@0,R26
                 	MOV  R@1,R27
                 	.ENDM
                 
                 	.MACRO __ADDWRN
                 	SUBI R@0,LOW(-@2)
                 	SBCI R@1,HIGH(-@2)
                 	.ENDM
                 
                 	.MACRO __ADDWRR
                 	ADD  R@0,R@2
                 	ADC  R@1,R@3
                 	.ENDM
                 
                 	.MACRO __SUBWRN
                 	SUBI R@0,LOW(@2)
                 	SBCI R@1,HIGH(@2)
                 	.ENDM
                 
                 	.MACRO __SUBWRR
                 	SUB  R@0,R@2
                 	SBC  R@1,R@3
                 	.ENDM
                 
                 	.MACRO __ANDWRN
                 	ANDI R@0,LOW(@2)
                 	ANDI R@1,HIGH(@2)
                 	.ENDM
                 
                 	.MACRO __ANDWRR
                 	AND  R@0,R@2
                 	AND  R@1,R@3
                 	.ENDM
                 
                 	.MACRO __ORWRN
                 	ORI  R@0,LOW(@2)
                 	ORI  R@1,HIGH(@2)
                 	.ENDM
                 
                 	.MACRO __ORWRR
                 	OR   R@0,R@2
                 	OR   R@1,R@3
                 	.ENDM
                 
                 	.MACRO __EORWRR
                 	EOR  R@0,R@2
                 	EOR  R@1,R@3
                 	.ENDM
                 
                 	.MACRO __GETWRS
                 	LDD  R@0,Y+@2
                 	LDD  R@1,Y+@2+1
                 	.ENDM
                 
                 	.MACRO __PUTBSR
                 	STD  Y+@1,R@0
                 	.ENDM
                 
                 	.MACRO __PUTWSR
                 	STD  Y+@2,R@0
                 	STD  Y+@2+1,R@1
                 	.ENDM
                 
                 	.MACRO __MOVEWRR
                 	MOV  R@0,R@2
                 	MOV  R@1,R@3
                 	.ENDM
                 
                 	.MACRO __INWR
                 	IN   R@0,@2
                 	IN   R@1,@2+1
                 	.ENDM
                 
                 	.MACRO __OUTWR
                 	OUT  @2+1,R@1
                 	OUT  @2,R@0
                 	.ENDM
                 
                 	.MACRO __CALL1MN
                 	LDS  R30,@0+(@1)
                 	LDS  R31,@0+(@1)+1
                 	ICALL
                 	.ENDM
                 
                 	.MACRO __CALL1FN
                 	LDI  R30,LOW(2*@0+(@1))
                 	LDI  R31,HIGH(2*@0+(@1))
                 	RCALL __GETW1PF
                 	ICALL
                 	.ENDM
                 
                 	.MACRO __CALL2EN
                 	LDI  R26,LOW(@0+(@1))
                 	LDI  R27,HIGH(@0+(@1))
                 	RCALL __EEPROMRDW
                 	ICALL
                 	.ENDM
                 
                 	.MACRO __GETW1STACK
                 	IN   R26,SPL
                 	IN   R27,SPH
                 	ADIW R26,@0+1
                 	LD   R30,X+
                 	LD   R31,X
                 	.ENDM
                 
                 	.MACRO __GETD1STACK
                 	IN   R26,SPL
                 	IN   R27,SPH
                 	ADIW R26,@0+1
                 	LD   R30,X+
                 	LD   R31,X+
                 	LD   R22,X
                 	.ENDM
                 
                 	.MACRO __NBST
                 	BST  R@0,@1
                 	IN   R30,SREG
                 	LDI  R31,0x40
                 	EOR  R30,R31
                 	OUT  SREG,R30
                 	.ENDM
                 
                 
                 	.MACRO __PUTB1SN
                 	LDD  R26,Y+@0
                 	LDD  R27,Y+@0+1
                 	SUBI R26,LOW(-@1)
                 	SBCI R27,HIGH(-@1)
                 	ST   X,R30
                 	.ENDM
                 
                 	.MACRO __PUTW1SN
                 	LDD  R26,Y+@0
                 	LDD  R27,Y+@0+1
                 	SUBI R26,LOW(-@1)
                 	SBCI R27,HIGH(-@1)
                 	ST   X+,R30
                 	ST   X,R31
                 	.ENDM
                 
                 	.MACRO __PUTD1SN
                 	LDD  R26,Y+@0
                 	LDD  R27,Y+@0+1
                 	SUBI R26,LOW(-@1)
                 	SBCI R27,HIGH(-@1)
                 	RCALL __PUTDP1
                 	.ENDM
                 
                 	.MACRO __PUTB1SNS
                 	LDD  R26,Y+@0
                 	LDD  R27,Y+@0+1
                 	ADIW R26,@1
                 	ST   X,R30
                 	.ENDM
                 
                 	.MACRO __PUTW1SNS
                 	LDD  R26,Y+@0
                 	LDD  R27,Y+@0+1
                 	ADIW R26,@1
                 	ST   X+,R30
                 	ST   X,R31
                 	.ENDM
                 
                 	.MACRO __PUTD1SNS
                 	LDD  R26,Y+@0
                 	LDD  R27,Y+@0+1
                 	ADIW R26,@1
                 	RCALL __PUTDP1
                 	.ENDM
                 
                 	.MACRO __PUTB1PMN
                 	LDS  R26,@0
                 	LDS  R27,@0+1
                 	SUBI R26,LOW(-@1)
                 	SBCI R27,HIGH(-@1)
                 	ST   X,R30
                 	.ENDM
                 
                 	.MACRO __PUTW1PMN
                 	LDS  R26,@0
                 	LDS  R27,@0+1
                 	SUBI R26,LOW(-@1)
                 	SBCI R27,HIGH(-@1)
                 	ST   X+,R30
                 	ST   X,R31
                 	.ENDM
                 
                 	.MACRO __PUTD1PMN
                 	LDS  R26,@0
                 	LDS  R27,@0+1
                 	SUBI R26,LOW(-@1)
                 	SBCI R27,HIGH(-@1)
                 	RCALL __PUTDP1
                 	.ENDM
                 
                 	.MACRO __PUTB1PMNS
                 	LDS  R26,@0
                 	LDS  R27,@0+1
                 	ADIW R26,@1
                 	ST   X,R30
                 	.ENDM
                 
                 	.MACRO __PUTW1PMNS
                 	LDS  R26,@0
                 	LDS  R27,@0+1
                 	ADIW R26,@1
                 	ST   X+,R30
                 	ST   X,R31
                 	.ENDM
                 
                 	.MACRO __PUTD1PMNS
                 	LDS  R26,@0
                 	LDS  R27,@0+1
                 	ADIW R26,@1
                 	RCALL __PUTDP1
                 	.ENDM
                 
                 	.MACRO __PUTB1RN
                 	MOVW R26,R@0
                 	SUBI R26,LOW(-@1)
                 	SBCI R27,HIGH(-@1)
                 	ST   X,R30
                 	.ENDM
                 
                 	.MACRO __PUTW1RN
                 	MOVW R26,R@0
                 	SUBI R26,LOW(-@1)
                 	SBCI R27,HIGH(-@1)
                 	ST   X+,R30
                 	ST   X,R31
                 	.ENDM
                 
                 	.MACRO __PUTD1RN
                 	MOVW R26,R@0
                 	SUBI R26,LOW(-@1)
                 	SBCI R27,HIGH(-@1)
                 	RCALL __PUTDP1
                 	.ENDM
                 
                 	.MACRO __PUTB1RNS
                 	MOVW R26,R@0
                 	ADIW R26,@1
                 	ST   X,R30
                 	.ENDM
                 
                 	.MACRO __PUTW1RNS
                 	MOVW R26,R@0
                 	ADIW R26,@1
                 	ST   X+,R30
                 	ST   X,R31
                 	.ENDM
                 
                 	.MACRO __PUTD1RNS
                 	MOVW R26,R@0
                 	ADIW R26,@1
                 	RCALL __PUTDP1
                 	.ENDM
                 
                 	.MACRO __PUTB1RON
                 	MOV  R26,R@0
                 	MOV  R27,R@1
                 	SUBI R26,LOW(-@2)
                 	SBCI R27,HIGH(-@2)
                 	ST   X,R30
                 	.ENDM
                 
                 	.MACRO __PUTW1RON
                 	MOV  R26,R@0
                 	MOV  R27,R@1
                 	SUBI R26,LOW(-@2)
                 	SBCI R27,HIGH(-@2)
                 	ST   X+,R30
                 	ST   X,R31
                 	.ENDM
                 
                 	.MACRO __PUTD1RON
                 	MOV  R26,R@0
                 	MOV  R27,R@1
                 	SUBI R26,LOW(-@2)
                 	SBCI R27,HIGH(-@2)
                 	RCALL __PUTDP1
                 	.ENDM
                 
                 	.MACRO __PUTB1RONS
                 	MOV  R26,R@0
                 	MOV  R27,R@1
                 	ADIW R26,@2
                 	ST   X,R30
                 	.ENDM
                 
                 	.MACRO __PUTW1RONS
                 	MOV  R26,R@0
                 	MOV  R27,R@1
                 	ADIW R26,@2
                 	ST   X+,R30
                 	ST   X,R31
                 	.ENDM
                 
                 	.MACRO __PUTD1RONS
                 	MOV  R26,R@0
                 	MOV  R27,R@1
                 	ADIW R26,@2
                 	RCALL __PUTDP1
                 	.ENDM
                 
                 
                 	.MACRO __GETB1SX
                 	MOVW R30,R28
                 	SUBI R30,LOW(-@0)
                 	SBCI R31,HIGH(-@0)
                 	LD   R30,Z
                 	.ENDM
                 
                 	.MACRO __GETB1HSX
                 	MOVW R30,R28
                 	SUBI R30,LOW(-@0)
                 	SBCI R31,HIGH(-@0)
                 	LD   R31,Z
                 	.ENDM
                 
                 	.MACRO __GETW1SX
                 	MOVW R30,R28
                 	SUBI R30,LOW(-@0)
                 	SBCI R31,HIGH(-@0)
                 	LD   R0,Z+
                 	LD   R31,Z
                 	MOV  R30,R0
                 	.ENDM
                 
                 	.MACRO __GETD1SX
                 	MOVW R30,R28
                 	SUBI R30,LOW(-@0)
                 	SBCI R31,HIGH(-@0)
                 	LD   R0,Z+
                 	LD   R1,Z+
                 	LD   R22,Z+
                 	LD   R23,Z
                 	MOVW R30,R0
                 	.ENDM
                 
                 	.MACRO __GETB2SX
                 	MOVW R26,R28
                 	SUBI R26,LOW(-@0)
                 	SBCI R27,HIGH(-@0)
                 	LD   R26,X
                 	.ENDM
                 
                 	.MACRO __GETW2SX
                 	MOVW R26,R28
                 	SUBI R26,LOW(-@0)
                 	SBCI R27,HIGH(-@0)
                 	LD   R0,X+
                 	LD   R27,X
                 	MOV  R26,R0
                 	.ENDM
                 
                 	.MACRO __GETD2SX
                 	MOVW R26,R28
                 	SUBI R26,LOW(-@0)
                 	SBCI R27,HIGH(-@0)
                 	LD   R0,X+
                 	LD   R1,X+
                 	LD   R24,X+
                 	LD   R25,X
                 	MOVW R26,R0
                 	.ENDM
                 
                 	.MACRO __GETBRSX
                 	MOVW R30,R28
                 	SUBI R30,LOW(-@1)
                 	SBCI R31,HIGH(-@1)
                 	LD   R@0,Z
                 	.ENDM
                 
                 	.MACRO __GETWRSX
                 	MOVW R30,R28
                 	SUBI R30,LOW(-@2)
                 	SBCI R31,HIGH(-@2)
                 	LD   R@0,Z+
                 	LD   R@1,Z
                 	.ENDM
                 
                 	.MACRO __GETBRSX2
                 	MOVW R26,R28
                 	SUBI R26,LOW(-@1)
                 	SBCI R27,HIGH(-@1)
                 	LD   R@0,X
                 	.ENDM
                 
                 	.MACRO __GETWRSX2
                 	MOVW R26,R28
                 	SUBI R26,LOW(-@2)
                 	SBCI R27,HIGH(-@2)
                 	LD   R@0,X+
                 	LD   R@1,X
                 	.ENDM
                 
                 	.MACRO __LSLW8SX
                 	MOVW R30,R28
                 	SUBI R30,LOW(-@0)
                 	SBCI R31,HIGH(-@0)
                 	LD   R31,Z
                 	CLR  R30
                 	.ENDM
                 
                 	.MACRO __PUTB1SX
                 	MOVW R26,R28
                 	SUBI R26,LOW(-@0)
                 	SBCI R27,HIGH(-@0)
                 	ST   X,R30
                 	.ENDM
                 
                 	.MACRO __PUTW1SX
                 	MOVW R26,R28
                 	SUBI R26,LOW(-@0)
                 	SBCI R27,HIGH(-@0)
                 	ST   X+,R30
                 	ST   X,R31
                 	.ENDM
                 
                 	.MACRO __PUTD1SX
                 	MOVW R26,R28
                 	SUBI R26,LOW(-@0)
                 	SBCI R27,HIGH(-@0)
                 	ST   X+,R30
                 	ST   X+,R31
                 	ST   X+,R22
                 	ST   X,R23
                 	.ENDM
                 
                 	.MACRO __CLRW1SX
                 	MOVW R26,R28
                 	SUBI R26,LOW(-@0)
                 	SBCI R27,HIGH(-@0)
                 	ST   X+,R30
                 	ST   X,R30
                 	.ENDM
                 
                 	.MACRO __CLRD1SX
                 	MOVW R26,R28
                 	SUBI R26,LOW(-@0)
                 	SBCI R27,HIGH(-@0)
                 	ST   X+,R30
                 	ST   X+,R30
                 	ST   X+,R30
                 	ST   X,R30
                 	.ENDM
                 
                 	.MACRO __PUTB2SX
                 	MOVW R30,R28
                 	SUBI R30,LOW(-@0)
                 	SBCI R31,HIGH(-@0)
                 	ST   Z,R26
                 	.ENDM
                 
                 	.MACRO __PUTW2SX
                 	MOVW R30,R28
                 	SUBI R30,LOW(-@0)
                 	SBCI R31,HIGH(-@0)
                 	ST   Z+,R26
                 	ST   Z,R27
                 	.ENDM
                 
                 	.MACRO __PUTD2SX
                 	MOVW R30,R28
                 	SUBI R30,LOW(-@0)
                 	SBCI R31,HIGH(-@0)
                 	ST   Z+,R26
                 	ST   Z+,R27
                 	ST   Z+,R24
                 	ST   Z,R25
                 	.ENDM
                 
                 	.MACRO __PUTBSRX
                 	MOVW R30,R28
                 	SUBI R30,LOW(-@1)
                 	SBCI R31,HIGH(-@1)
                 	ST   Z,R@0
                 	.ENDM
                 
                 	.MACRO __PUTWSRX
                 	MOVW R30,R28
                 	SUBI R30,LOW(-@2)
                 	SBCI R31,HIGH(-@2)
                 	ST   Z+,R@0
                 	ST   Z,R@1
                 	.ENDM
                 
                 	.MACRO __PUTB1SNX
                 	MOVW R26,R28
                 	SUBI R26,LOW(-@0)
                 	SBCI R27,HIGH(-@0)
                 	LD   R0,X+
                 	LD   R27,X
                 	MOV  R26,R0
                 	SUBI R26,LOW(-@1)
                 	SBCI R27,HIGH(-@1)
                 	ST   X,R30
                 	.ENDM
                 
                 	.MACRO __PUTW1SNX
                 	MOVW R26,R28
                 	SUBI R26,LOW(-@0)
                 	SBCI R27,HIGH(-@0)
                 	LD   R0,X+
                 	LD   R27,X
                 	MOV  R26,R0
                 	SUBI R26,LOW(-@1)
                 	SBCI R27,HIGH(-@1)
                 	ST   X+,R30
                 	ST   X,R31
                 	.ENDM
                 
                 	.MACRO __PUTD1SNX
                 	MOVW R26,R28
                 	SUBI R26,LOW(-@0)
                 	SBCI R27,HIGH(-@0)
                 	LD   R0,X+
                 	LD   R27,X
                 	MOV  R26,R0
                 	SUBI R26,LOW(-@1)
                 	SBCI R27,HIGH(-@1)
                 	ST   X+,R30
                 	ST   X+,R31
                 	ST   X+,R22
                 	ST   X,R23
                 	.ENDM
                 
                 	.MACRO __MULBRR
                 	MULS R@0,R@1
                 	MOVW R30,R0
                 	.ENDM
                 
                 	.MACRO __MULBRRU
                 	MUL  R@0,R@1
                 	MOVW R30,R0
                 	.ENDM
                 
                 	.MACRO __MULBRR0
                 	MULS R@0,R@1
                 	.ENDM
                 
                 	.MACRO __MULBRRU0
                 	MUL  R@0,R@1
                 	.ENDM
                 
                 	.MACRO __MULBNWRU
                 	LDI  R26,@2
                 	MUL  R26,R@0
                 	MOVW R30,R0
                 	MUL  R26,R@1
                 	ADD  R31,R0
                 	.ENDM
                 
                 ;NAME DEFINITIONS FOR GLOBAL VARIABLES ALLOCATED TO REGISTERS
                 	.DEF _Tcount=R4
                 	.DEF _adc_data=R7
                 	.DEF _Fled=R6
                 	.DEF _Foldled=R9
                 
                 	.CSEG
                 	.ORG 0x00
                 
                 ;START OF CODE MARKER
                 __START_OF_CODE:
                 
                 ;INTERRUPT VECTORS
000000 c019      	RJMP __RESET
000001 cffe      	RJMP 0x00
000002 cffd      	RJMP 0x00
000003 cffc      	RJMP 0x00
000004 cffb      	RJMP 0x00
000005 cffa      	RJMP 0x00
000006 cff9      	RJMP 0x00
000007 cff8      	RJMP 0x00
000008 cff7      	RJMP 0x00
000009 c03f      	RJMP _timer0_ovf_isr
00000a cff5      	RJMP 0x00
00000b cff4      	RJMP 0x00
00000c cff3      	RJMP 0x00
00000d cff2      	RJMP 0x00
00000e c05a      	RJMP _adc_isr
00000f cff0      	RJMP 0x00
000010 cfef      	RJMP 0x00
000011 cfee      	RJMP 0x00
000012 cfed      	RJMP 0x00
                 
                 _0xA:
000013 0000
000014 0000
000015 0000      	.DB  0x0,0x0,0x0,0x0,0x0,0x0
                 
                 __GLOBAL_INI_TBL:
000016 0006      	.DW  0x06
000017 0004      	.DW  0x04
000018 0026      	.DW  _0xA*2
                 
                 _0xFFFFFFFF:
000019 0000      	.DW  0
                 
                 __RESET:
00001a 94f8      	CLI
00001b 27ee      	CLR  R30
00001c bbec      	OUT  EECR,R30
                 
                 ;INTERRUPT VECTORS ARE PLACED
                 ;AT THE START OF FLASH
00001d e0f1      	LDI  R31,1
00001e bffb      	OUT  GICR,R31
00001f bfeb      	OUT  GICR,R30
000020 bfe5      	OUT  MCUCR,R30
                 
                 ;DISABLE WATCHDOG
000021 e1f8      	LDI  R31,0x18
000022 bdf1      	OUT  WDTCR,R31
000023 bde1      	OUT  WDTCR,R30
                 
                 ;CLEAR R2-R14
000024 e08d      	LDI  R24,(14-2)+1
000025 e0a2      	LDI  R26,2
000026 27bb      	CLR  R27
                 __CLEAR_REG:
000027 93ed      	ST   X+,R30
000028 958a      	DEC  R24
000029 f7e9      	BRNE __CLEAR_REG
                 
                 ;CLEAR SRAM
00002a e080      	LDI  R24,LOW(__CLEAR_SRAM_SIZE)
00002b e094      	LDI  R25,HIGH(__CLEAR_SRAM_SIZE)
00002c e6a0      	LDI  R26,__SRAM_START
                 __CLEAR_SRAM:
00002d 93ed      	ST   X+,R30
00002e 9701      	SBIW R24,1
00002f f7e9      	BRNE __CLEAR_SRAM
                 
                 ;GLOBAL VARIABLES INITIALIZATION
000030 e2ec      	LDI  R30,LOW(__GLOBAL_INI_TBL*2)
000031 e0f0      	LDI  R31,HIGH(__GLOBAL_INI_TBL*2)
                 __GLOBAL_INI_NEXT:
000032 9185      	LPM  R24,Z+
000033 9195      	LPM  R25,Z+
000034 9700      	SBIW R24,0
000035 f061      	BREQ __GLOBAL_INI_END
000036 91a5      	LPM  R26,Z+
000037 91b5      	LPM  R27,Z+
000038 9005      	LPM  R0,Z+
000039 9015      	LPM  R1,Z+
00003a 01bf      	MOVW R22,R30
00003b 01f0      	MOVW R30,R0
                 __GLOBAL_INI_LOOP:
00003c 9005      	LPM  R0,Z+
00003d 920d      	ST   X+,R0
00003e 9701      	SBIW R24,1
00003f f7e1      	BRNE __GLOBAL_INI_LOOP
000040 01fb      	MOVW R30,R22
000041 cff0      	RJMP __GLOBAL_INI_NEXT
                 __GLOBAL_INI_END:
                 
                 ;HARDWARE STACK POINTER INITIALIZATION
000042 e5ef      	LDI  R30,LOW(__SRAM_END-__HEAP_SIZE)
000043 bfed      	OUT  SPL,R30
000044 e0e4      	LDI  R30,HIGH(__SRAM_END-__HEAP_SIZE)
000045 bfee      	OUT  SPH,R30
                 
                 ;DATA STACK POINTER INITIALIZATION
000046 e6c0      	LDI  R28,LOW(__SRAM_START+__DSTACK_SIZE)
000047 e0d1      	LDI  R29,HIGH(__SRAM_START+__DSTACK_SIZE)
                 
000048 c022      	RJMP _main
                 
                 	.ESEG
                 	.ORG 0
                 
                 	.DSEG
                 	.ORG 0x160
                 
                 	.CSEG
                 ;/*****************************************************
                 ;Можно использовать для тестирования Arduino на мигание
                 ;светодиодом и тактирование 16 мгц
                 ;
                 ;This program was produced by the
                 ;CodeWizardAVR V2.05.3 Standard
                 ;Automatic Program Generator
                 ;© Copyright 1998-2011 Pavel Haiduc, HP InfoTech s.r.l.
                 ;http://www.hpinfotech.com
                 ;
                 ;Project :
                 ;Version :
                 ;Date    : 02.01.2019
                 ;Author  : PerTic@n
                 ;Company : If You Like This Software,Buy It
                 ;Comments:
                 ;
                 ;
                 ;Chip type               : ATmega8
                 ;Program type            : Application
                 ;AVR Core Clock frequency: 16,000000 MHz
                 ;Memory model            : Small
                 ;External RAM size       : 0
                 ;Data Stack size         : 256
                 ;*****************************************************/
                 ;
                 ;#include <mega8.h>
                 	#ifndef __SLEEP_DEFINED__
                 	#define __SLEEP_DEFINED__
                 	.EQU __se_bit=0x80
                 	.EQU __sm_mask=0x70
                 	.EQU __sm_powerdown=0x20
                 	.EQU __sm_powersave=0x30
                 	.EQU __sm_standby=0x60
                 	.EQU __sm_ext_standby=0x70
                 	.EQU __sm_adc_noise_red=0x10
                 	.SET power_ctrl_reg=mcucr
                 	#endif
                 ;
                 ;#include <delay.h>
                 ;
                 ;// Alphanumeric LCD functions
                 ;//#include <alcd.h>   // для LCD от CWision
                 ;#define Tstep 1000          //по достжению  (int Tcountint Tcount=Tstep) * время прерыв [TIM0_OVF] = время 1 сек
                 ;#define Testled PORTB.5     // тестовый св-диод на плате arduino
                 ;
                 ;#define RS  PORTB.0
                 ;#define E   PORTB.1
                 ;#define D4  PORTD.4
                 ;#define D5  PORTD.5
                 ;#define D6  PORTD.6
                 ;#define D7  PORTD.7 //9877654321
                 ;int Tcount = 0;
                 ;
                 ;// Timer 0 overflow interrupt service routine
                 ;interrupt [TIM0_OVF] void timer0_ovf_isr(void)  //прерывание по переполнению на 1 мс
                 ; 0000 002E {
                 
                 	.CSEG
                 _timer0_ovf_isr:
000049 93aa      	ST   -Y,R26
00004a 93ea      	ST   -Y,R30
00004b 93fa      	ST   -Y,R31
00004c b7ef      	IN   R30,SREG
00004d 93ea      	ST   -Y,R30
                 ; 0000 002F //----------- Reinitialize Timer 0x06 value for the interrapt 1 ms
                 ; 0000 0030 TCNT0=0x06;
00004e e0e6      	LDI  R30,LOW(6)
00004f bfe2      	OUT  0x32,R30
                 ; 0000 0031 // Place your code here
                 ; 0000 0032 Tcount+=1;
000050 01f2      	MOVW R30,R4
000051 9631      	ADIW R30,1
000052 012f      	MOVW R4,R30
                 ; 0000 0033 if (Tcount == Tstep) {
000053 eee8      	LDI  R30,LOW(1000)
000054 e0f3      	LDI  R31,HIGH(1000)
000055 15e4      	CP   R30,R4
000056 05f5      	CPC  R31,R5
000057 f459      	BRNE _0x3
                 ; 0000 0034 Tcount = 0;                // обнуление для 1 секунды шага
000058 2444      	CLR  R4
000059 2455      	CLR  R5
                 ; 0000 0035  Testled^=1;               //инвертировать светодиод
00005a e0a0      	LDI  R26,0
00005b 99c5      	SBIC 0x18,5
00005c e0a1      	LDI  R26,1
00005d e0e1      	LDI  R30,LOW(1)
00005e 27ea      	EOR  R30,R26
00005f f411      	BRNE _0x4
000060 98c5      	CBI  0x18,5
000061 c001      	RJMP _0x5
                 _0x4:
000062 9ac5      	SBI  0x18,5
                 _0x5:
                 ; 0000 0036 };
                 _0x3:
                 ; 0000 0037 //-----------------------------------------------------------------
                 ; 0000 0038 }
000063 91e9      	LD   R30,Y+
000064 bfef      	OUT  SREG,R30
000065 91f9      	LD   R31,Y+
000066 91e9      	LD   R30,Y+
000067 91a9      	LD   R26,Y+
000068 9518      	RETI
                 ;
                 ;unsigned char adc_data;
                 ;#define ADC_VREF_TYPE 0x60
                 ;
                 ;// ADC interrupt service routine
                 ;interrupt [ADC_INT] void adc_isr(void)
                 ; 0000 003F {
                 _adc_isr:
                 ; 0000 0040 // Read the 8 most significant bits
                 ; 0000 0041 // of the AD conversion result
                 ; 0000 0042 adc_data=ADCH;
000069 b075      	IN   R7,5
                 ; 0000 0043 }
00006a 9518      	RETI
                 ;
                 ;// Read the 8 most significant bits
                 ;// of the AD conversion result
                 ;// with noise canceling
                 ;unsigned char read_adc(unsigned char adc_input)
                 ; 0000 0049 {
                 ; 0000 004A ADMUX=adc_input | (ADC_VREF_TYPE & 0xff);
                 ;	adc_input -> Y+0
                 ; 0000 004B // Delay needed for the stabilization of the ADC input voltage
                 ; 0000 004C delay_us(10);
                 ; 0000 004D #asm
                 ; 0000 004E     in   r30,mcucr
                 ; 0000 004F     cbr  r30,__sm_mask
                 ; 0000 0050     sbr  r30,__se_bit | __sm_adc_noise_red
                 ; 0000 0051     out  mcucr,r30
                 ; 0000 0052     sleep
                 ; 0000 0053     cbr  r30,__se_bit
                 ; 0000 0054     out  mcucr,r30
                 ; 0000 0055 #endasm
                 ; 0000 0056 return adc_data;
                 ; 0000 0057 }
                 ;void send_LCD(char RS_value,char DB4_value,char DB5_value,char DB6_value,char DB7_value) {
                 ; 0000 0058 void send_LCD(char RS_value,char DB4_value,char DB5_value,char DB6_value,char DB7_value) {
                 ; 0000 0059 int t;
                 ; 0000 005A }
                 ;
                 ;
                 ;// Declare your global variables here
                 ;char Fled = 0; // флаг для свтда
                 ;char Foldled = 0; // флаг для свтда
                 ;
                 ;void main(void)
                 ; 0000 0062 {
                 _main:
                 ; 0000 0063 // Declare your local variables here
                 ; 0000 0064 
                 ; 0000 0065 // Input/Output Ports initialization
                 ; 0000 0066 // Port B initialization
                 ; 0000 0067 // Func7=In Func6=In Func5=In Func4=In Func3=In Func2=In Func1=Out Func0=Out
                 ; 0000 0068 // State7=T State6=T State5=T State4=T State3=T State2=P State1=0 State0=0
                 ; 0000 0069 // Func7=In Func6=In Func5=Out Func4=In Func3=In Func2=In Func1=Out Func0=Out
                 ; 0000 006A // State7=T State6=T State5=0 State4=T State3=T State2=P State1=0 State0=0
                 ; 0000 006B PORTB=0x04;
00006b e0e4      	LDI  R30,LOW(4)
00006c bbe8      	OUT  0x18,R30
                 ; 0000 006C DDRB=0x23;//DDRB=0x03;
00006d e2e3      	LDI  R30,LOW(35)
00006e bbe7      	OUT  0x17,R30
                 ; 0000 006D 
                 ; 0000 006E // Port C initialization
                 ; 0000 006F // Func6=In Func5=In Func4=In Func3=In Func2=In Func1=In Func0=In
                 ; 0000 0070 // State6=P State5=P State4=P State3=P State2=P State1=P State0=T
                 ; 0000 0071 PORTC=0x7E;
00006f e7ee      	LDI  R30,LOW(126)
000070 bbe5      	OUT  0x15,R30
                 ; 0000 0072 DDRC=0x00;
000071 e0e0      	LDI  R30,LOW(0)
000072 bbe4      	OUT  0x14,R30
                 ; 0000 0073 
                 ; 0000 0074 // Port D initialization
                 ; 0000 0075 // Func7=Out Func6=Out Func5=Out Func4=Out Func3=In Func2=In Func1=In Func0=In
                 ; 0000 0076 // State7=0 State6=0 State5=0 State4=0 State3=P State2=P State1=P State0=P
                 ; 0000 0077 PORTD=0x0F;
000073 e0ef      	LDI  R30,LOW(15)
000074 bbe2      	OUT  0x12,R30
                 ; 0000 0078 DDRD=0xF0;
000075 efe0      	LDI  R30,LOW(240)
000076 bbe1      	OUT  0x11,R30
                 ; 0000 0079 
                 ; 0000 007A // Timer/Counter 0 initialization
                 ; 0000 007B // Clock source: System Clock
                 ; 0000 007C // Clock value: 250,000 kHz
                 ; 0000 007D TCCR0=0x03;
000077 e0e3      	LDI  R30,LOW(3)
000078 bfe3      	OUT  0x33,R30
                 ; 0000 007E TCNT0=0x06;
000079 e0e6      	LDI  R30,LOW(6)
00007a bfe2      	OUT  0x32,R30
                 ; 0000 007F 
                 ; 0000 0080 // Timer/Counter 1 initialization
                 ; 0000 0081 // Clock source: System Clock
                 ; 0000 0082 // Clock value: Timer1 Stopped
                 ; 0000 0083 // Mode: Normal top=0xFFFF
                 ; 0000 0084 // OC1A output: Discon.
                 ; 0000 0085 // OC1B output: Discon.
                 ; 0000 0086 // Noise Canceler: Off
                 ; 0000 0087 // Input Capture on Falling Edge
                 ; 0000 0088 // Timer1 Overflow Interrupt: Off
                 ; 0000 0089 // Input Capture Interrupt: Off
                 ; 0000 008A // Compare A Match Interrupt: Off
                 ; 0000 008B // Compare B Match Interrupt: Off
                 ; 0000 008C TCCR1A=0x00;
00007b e0e0      	LDI  R30,LOW(0)
00007c bdef      	OUT  0x2F,R30
                 ; 0000 008D TCCR1B=0x00;
00007d bdee      	OUT  0x2E,R30
                 ; 0000 008E TCNT1H=0x00;
00007e bded      	OUT  0x2D,R30
                 ; 0000 008F TCNT1L=0x00;
00007f bdec      	OUT  0x2C,R30
                 ; 0000 0090 ICR1H=0x00;
000080 bde7      	OUT  0x27,R30
                 ; 0000 0091 ICR1L=0x00;
000081 bde6      	OUT  0x26,R30
                 ; 0000 0092 OCR1AH=0x00;
000082 bdeb      	OUT  0x2B,R30
                 ; 0000 0093 OCR1AL=0x00;
000083 bdea      	OUT  0x2A,R30
                 ; 0000 0094 OCR1BH=0x00;
000084 bde9      	OUT  0x29,R30
                 ; 0000 0095 OCR1BL=0x00;
000085 bde8      	OUT  0x28,R30
                 ; 0000 0096 
                 ; 0000 0097 // Timer/Counter 2 initialization
                 ; 0000 0098 // Clock source: System Clock
                 ; 0000 0099 // Clock value: Timer2 Stopped
                 ; 0000 009A // Mode: Normal top=0xFF
                 ; 0000 009B // OC2 output: Disconnected
                 ; 0000 009C ASSR=0x00;
000086 bde2      	OUT  0x22,R30
                 ; 0000 009D TCCR2=0x00;
000087 bde5      	OUT  0x25,R30
                 ; 0000 009E TCNT2=0x00;
000088 bde4      	OUT  0x24,R30
                 ; 0000 009F OCR2=0x00;
000089 bde3      	OUT  0x23,R30
                 ; 0000 00A0 
                 ; 0000 00A1 // External Interrupt(s) initialization
                 ; 0000 00A2 // INT0: Off
                 ; 0000 00A3 // INT1: Off
                 ; 0000 00A4 MCUCR=0x00;
00008a bfe5      	OUT  0x35,R30
                 ; 0000 00A5 
                 ; 0000 00A6 // Timer(s)/Counter(s) Interrupt(s) initialization
                 ; 0000 00A7 TIMSK=0x01;
00008b e0e1      	LDI  R30,LOW(1)
00008c bfe9      	OUT  0x39,R30
                 ; 0000 00A8 
                 ; 0000 00A9 // USART initialization
                 ; 0000 00AA // USART disabled
                 ; 0000 00AB UCSRB=0x00;
00008d e0e0      	LDI  R30,LOW(0)
00008e b9ea      	OUT  0xA,R30
                 ; 0000 00AC 
                 ; 0000 00AD // Analog Comparator initialization
                 ; 0000 00AE // Analog Comparator: Off
                 ; 0000 00AF // Analog Comparator Input Capture by Timer/Counter 1: Off
                 ; 0000 00B0 ACSR=0x80;
00008f e8e0      	LDI  R30,LOW(128)
000090 b9e8      	OUT  0x8,R30
                 ; 0000 00B1 SFIOR=0x00;
000091 e0e0      	LDI  R30,LOW(0)
000092 bfe0      	OUT  0x30,R30
                 ; 0000 00B2 
                 ; 0000 00B3 // ADC initialization
                 ; 0000 00B4 // ADC Clock frequency: 125,000 kHz
                 ; 0000 00B5 // ADC Voltage Reference: AVCC pin
                 ; 0000 00B6 // Only the 8 most significant bits of
                 ; 0000 00B7 // the AD conversion result are used
                 ; 0000 00B8 ADMUX=ADC_VREF_TYPE & 0xff;
000093 e6e0      	LDI  R30,LOW(96)
000094 b9e7      	OUT  0x7,R30
                 ; 0000 00B9 ADCSRA=0x8F;
000095 e8ef      	LDI  R30,LOW(143)
000096 b9e6      	OUT  0x6,R30
                 ; 0000 00BA 
                 ; 0000 00BB // SPI initialization
                 ; 0000 00BC // SPI disabled
                 ; 0000 00BD SPCR=0x00;
000097 e0e0      	LDI  R30,LOW(0)
000098 b9ed      	OUT  0xD,R30
                 ; 0000 00BE 
                 ; 0000 00BF // TWI initialization
                 ; 0000 00C0 // TWI disabled
                 ; 0000 00C1 TWCR=0x00;
000099 bfe6      	OUT  0x36,R30
                 ; 0000 00C2 
                 ; 0000 00C3 // Alphanumeric LCD initialization
                 ; 0000 00C4 // Connections are specified in the
                 ; 0000 00C5 // Project|Configure|C Compiler|Libraries|Alphanumeric LCD menu:
                 ; 0000 00C6 // RS - PORTB Bit 0
                 ; 0000 00C7 // RD - PORTB Bit 3
                 ; 0000 00C8 // EN - PORTB Bit 1
                 ; 0000 00C9 // D4 - PORTD Bit 4
                 ; 0000 00CA // D5 - PORTD Bit 5
                 ; 0000 00CB // D6 - PORTD Bit 6
                 ; 0000 00CC // D7 - PORTD Bit 7
                 ; 0000 00CD // Characters/line: 16
                 ; 0000 00CE //lcd_init(16);      //врем откл т к переключало самостоятельно порты (В5)?
                 ; 0000 00CF 
                 ; 0000 00D0 // Global enable interrupts
                 ; 0000 00D1 #asm("sei")
00009a 9478      	sei
                 ; 0000 00D2 
                 ; 0000 00D3 while (1)
                 _0x6:
                 ; 0000 00D4       {
                 ; 0000 00D5       // Place your code here
                 ; 0000 00D6       #asm("cli")		// запретим прерывания
00009b 94f8      	cli
                 ; 0000 00D7 		delay_us(150); 	// сгенерируем задержку 150 мкс
                +
00009c e588     +LDI R24 , LOW ( 600 )
00009d e092     +LDI R25 , HIGH ( 600 )
                +__DELAY_USW_LOOP :
00009e 9701     +SBIW R24 , 1
00009f f7f1     +BRNE __DELAY_USW_LOOP
                 	__DELAY_USW 600
                 ; 0000 00D8 		//...
                 ; 0000 00D9 		delay_ms(15); 	// сгенерируем задержку 15 мс
0000a0 e0af      	LDI  R26,LOW(15)
0000a1 e0b0      	LDI  R27,0
0000a2 d003      	RCALL _delay_ms
                 ; 0000 00DA 		#asm("sei")		// разрешим прерывания
0000a3 9478      	sei
                 ; 0000 00DB 
                 ; 0000 00DC 
                 ; 0000 00DD 
                 ; 0000 00DE       }
0000a4 cff6      	RJMP _0x6
                 ; 0000 00DF }
                 _0x9:
0000a5 cfff      	RJMP _0x9
                 
                 	.CSEG
                 
                 	.CSEG
                 _delay_ms:
0000a6 9610      	adiw r26,0
0000a7 f039      	breq __delay_ms1
                 __delay_ms0:
                +
0000a8 ea80     +LDI R24 , LOW ( 0xFA0 )
0000a9 e09f     +LDI R25 , HIGH ( 0xFA0 )
                +__DELAY_USW_LOOP :
0000aa 9701     +SBIW R24 , 1
0000ab f7f1     +BRNE __DELAY_USW_LOOP
                 	__DELAY_USW 0xFA0
0000ac 95a8      	wdr
0000ad 9711      	sbiw r26,1
0000ae f7c9      	brne __delay_ms0
                 __delay_ms1:
0000af 9508      	ret
                 
                 ;END OF CODE MARKER
                 __END_OF_CODE:


RESOURCE USE INFORMATION
------------------------

Notice:
The register and instruction counts are symbol table hit counts,
and hence implicitly used resources are not counted, eg, the
'lpm' instruction without operands implicitly uses r0 and z,
none of which are counted.

x,y,z are separate entities in the symbol table and are
counted separately from r26..r31 here.

.dseg memory usage only counts static data declared with .byte

ATmega8 register use summary:
r0 :   4 r1 :   1 r2 :   0 r3 :   0 r4 :   4 r5 :   2 r6 :   0 r7 :   1 
r8 :   0 r9 :   0 r10:   0 r11:   0 r12:   0 r13:   0 r14:   0 r15:   0 
r16:   0 r17:   0 r18:   0 r19:   0 r20:   0 r21:   0 r22:   2 r23:   0 
r24:  11 r25:   4 r26:  11 r27:   3 r28:   1 r29:   1 r30:  77 r31:   9 
x  :   3 y  :   8 z  :   7 
Registers used: 17 out of 35 (48.6%)

ATmega8 instruction use summary:
.lds  :   0 .lds.l:   0 .sts  :   0 .sts.l:   0 adc   :   0 add   :   0 
adiw  :   2 and   :   0 andi  :   0 asr   :   0 bclr  :   0 bld   :   0 
brbc  :   0 brbs  :   0 brcc  :   0 brcs  :   0 break :   0 breq  :   2 
brge  :   0 brhc  :   0 brhs  :   0 brid  :   0 brie  :   0 brlo  :   0 
brlt  :   0 brmi  :   0 brne  :   8 brpl  :   0 brsh  :   0 brtc  :   0 
brts  :   0 brvc  :   0 brvs  :   0 bset  :   0 bst   :   0 cbi   :   1 
cbr   :   0 clc   :   0 clh   :   0 cli   :   2 cln   :   0 clr   :   4 
cls   :   0 clt   :   0 clv   :   0 clz   :   0 com   :   0 cp    :   1 
cpc   :   1 cpi   :   0 cpse  :   0 dec   :   1 des   :   0 eor   :   1 
fmul  :   0 fmuls :   0 fmulsu:   0 icall :   0 ijmp  :   0 in    :   2 
inc   :   0 ld    :   4 ldd   :   0 ldi   :  41 lds   :   0 lpm   :   7 
lsl   :   0 lsr   :   0 mov   :   0 movw  :   5 mul   :   0 muls  :   0 
mulsu :   0 neg   :   0 nop   :   0 or    :   0 ori   :   0 out   :  41 
pop   :   0 push  :   0 rcall :   1 ret   :   1 reti  :   2 rjmp  :  24 
rol   :   0 ror   :   0 sbc   :   0 sbci  :   0 sbi   :   1 sbic  :   1 
sbis  :   0 sbiw  :   6 sbr   :   0 sbrc  :   0 sbrs  :   0 sec   :   0 
seh   :   0 sei   :   2 sen   :   0 ser   :   0 ses   :   0 set   :   0 
sev   :   0 sez   :   0 sleep :   0 spm   :   0 st    :   7 std   :   0 
sts   :   0 sub   :   0 subi  :   0 swap  :   0 tst   :   0 wdr   :   1 

Instructions used: 26 out of 114 (22.8%)

ATmega8 memory use summary [bytes]:
Segment   Begin    End      Code   Data   Used    Size   Use%
---------------------------------------------------------------
[.cseg] 0x000000 0x000160    338     14    352    8192   4.3%
[.dseg] 0x000060 0x000160      0      0      0    1119   0.0%
[.eseg] 0x000000 0x000000      0      0      0     512   0.0%

Assembly complete, 0 errors, 4 warnings
